Arguments: 
  C:\Program Files\nodejs\node.exe C:\Program Files (x86)\Yarn\bin\yarn.js add graphql-yoga

PATH: 
  C:\ProgramData\DockerDesktop\version-bin;C:\Program Files\Docker\Docker\Resources\bin;C:\Program Files (x86)\Common Files\Oracle\Java\javapath;C:\ProgramData\Oracle\Java\javapath;C:\WINDOWS\system32;C:\WINDOWS;C:\WINDOWS\System32\Wbem;C:\WINDOWS\System32\WindowsPowerShell\v1.0\;C:\Program Files (x86)\Enterprise Vault\EVClient\;%AppData%\npm;C:\Program Files\nodejs\;C:\Program Files (x86)\Yarn\bin\;C:\Program Files\Java\jdk1.8.0_221\bin;C:\apache-maven-3.6.1\bin;C:\apache-maven-3.6.1\bin;C:\Program Files\MySQL\MySQL Server 8.0\bin;C:\Users\chohoo\npm-global;C:\stardog-6.2.3\bin;C:\Program Files\MySQL\MySQL Shell 8.0\bin\;C:\Users\chohoo\AppData\Local\Programs\Microsoft VS Code\bin

Yarn version: 
  1.17.3

Node version: 
  10.16.0

Platform: 
  win32 x64

Trace: 
  Error: getaddrinfo ENOTFOUND npm.svc.corp.autinity.de npm.svc.corp.autinity.de:80
      at GetAddrInfoReqWrap.onlookup [as oncomplete] (dns.js:56:26)

npm manifest: 
  {
    "name": "hackernews-node",
    "version": "1.0.0",
    "main": "index.js",
    "license": "MIT"
  }

yarn manifest: 
  No manifest

Lockfile: 
  No lockfile
